Determining if the pthread_create exist failed with the following output:
Change Dir: /home/kevin/workSpace/DIP_ws/src/master_pkg/cmake-build-debug/CMakeFiles/CMakeTmp

Run Build Command(s):/usr/bin/make cmTC_f28c7/fast 
/usr/bin/make -f CMakeFiles/cmTC_f28c7.dir/build.make CMakeFiles/cmTC_f28c7.dir/build
make[1]: Entering directory '/home/kevin/workSpace/DIP_ws/src/master_pkg/cmake-build-debug/CMakeFiles/CMakeTmp'
Building C object CMakeFiles/cmTC_f28c7.dir/CheckSymbolExists.c.o
/usr/bin/cc    -o CMakeFiles/cmTC_f28c7.dir/CheckSymbolExists.c.o   -c /home/kevin/workSpace/DIP_ws/src/master_pkg/cmake-build-debug/CMakeFiles/CMakeTmp/CheckSymbolExists.c
Linking C executable cmTC_f28c7
/home/kevin/App/clion-2019.2.2/bin/cmake/linux/bin/cmake -E cmake_link_script CMakeFiles/cmTC_f28c7.dir/link.txt --verbose=1
/usr/bin/cc      -rdynamic CMakeFiles/cmTC_f28c7.dir/CheckSymbolExists.c.o  -o cmTC_f28c7 
CMakeFiles/cmTC_f28c7.dir/CheckSymbolExists.c.o: In function `main':
CheckSymbolExists.c:(.text+0x16): undefined reference to `pthread_create'
collect2: error: ld returned 1 exit status
CMakeFiles/cmTC_f28c7.dir/build.make:86: recipe for target 'cmTC_f28c7' failed
make[1]: *** [cmTC_f28c7] Error 1
make[1]: Leaving directory '/home/kevin/workSpace/DIP_ws/src/master_pkg/cmake-build-debug/CMakeFiles/CMakeTmp'
Makefile:121: recipe for target 'cmTC_f28c7/fast' failed
make: *** [cmTC_f28c7/fast] Error 2

File /home/kevin/workSpace/DIP_ws/src/master_pkg/cmake-build-debug/CMakeFiles/CMakeTmp/CheckSymbolExists.c:
/* */
#include <pthread.h>

int main(int argc, char** argv)
{
  (void)argv;
#ifndef pthread_create
  return ((int*)(&pthread_create))[argc];
#else
  (void)argc;
  return 0;
#endif
}

Determining if the function pthread_create exists in the pthreads failed with the following output:
Change Dir: /home/kevin/workSpace/DIP_ws/src/master_pkg/cmake-build-debug/CMakeFiles/CMakeTmp

Run Build Command(s):/usr/bin/make cmTC_69f4a/fast 
/usr/bin/make -f CMakeFiles/cmTC_69f4a.dir/build.make CMakeFiles/cmTC_69f4a.dir/build
make[1]: Entering directory '/home/kevin/workSpace/DIP_ws/src/master_pkg/cmake-build-debug/CMakeFiles/CMakeTmp'
Building C object CMakeFiles/cmTC_69f4a.dir/CheckFunctionExists.c.o
/usr/bin/cc   -DCHECK_FUNCTION_EXISTS=pthread_create   -o CMakeFiles/cmTC_69f4a.dir/CheckFunctionExists.c.o   -c /home/kevin/App/clion-2019.2.2/bin/cmake/linux/share/cmake-3.14/Modules/CheckFunctionExists.c
Linking C executable cmTC_69f4a
/home/kevin/App/clion-2019.2.2/bin/cmake/linux/bin/cmake -E cmake_link_script CMakeFiles/cmTC_69f4a.dir/link.txt --verbose=1
/usr/bin/cc  -DCHECK_FUNCTION_EXISTS=pthread_create    -rdynamic CMakeFiles/cmTC_69f4a.dir/CheckFunctionExists.c.o  -o cmTC_69f4a -lpthreads 
/usr/bin/ld: cannot find -lpthreads
collect2: error: ld returned 1 exit status
CMakeFiles/cmTC_69f4a.dir/build.make:86: recipe for target 'cmTC_69f4a' failed
make[1]: *** [cmTC_69f4a] Error 1
make[1]: Leaving directory '/home/kevin/workSpace/DIP_ws/src/master_pkg/cmake-build-debug/CMakeFiles/CMakeTmp'
Makefile:121: recipe for target 'cmTC_69f4a/fast' failed
make: *** [cmTC_69f4a/fast] Error 2


